<?xml version="1.0" encoding="UTF-8"?>
<!-- Generated by org.testng.reporters.JUnitXMLReporter -->
<testsuite ignored="0" hostname="DESKTOP-0EHH1C9" failures="0" tests="6" name="Test" time="0.055" errors="0" timestamp="2021-11-03T12:19:06 IST">
  <testcase classname="com.qa.test.DemoTest2" name="mul" time="0.007"/>
  <testcase classname="com.qa.test.DemoTest2" name="sub" time="0.001"/>
  <testcase classname="com.qa.test.DemoTest2" name="sum" time="0.0"/>
  <testcase classname="com.qa.test.DemoTest" name="mul" time="0.0"/>
  <testcase classname="com.qa.test.DemoTest" name="sub" time="0.0"/>
  <testcase classname="com.qa.test.DemoTest" name="sum" time="0.0"/>
</testsuite> <!-- Test -->
