<?xml version="1.0" encoding="UTF-8"?>
<testng-results ignored="0" total="6" passed="6" failed="0" skipped="0">
  <reporter-output>
  </reporter-output>
  <suite started-at="2021-11-03T12:19:06 IST" name="Suite" finished-at="2021-11-03T12:19:06 IST" duration-ms="55">
    <groups>
    </groups>
    <test started-at="2021-11-03T12:19:06 IST" name="Test" finished-at="2021-11-03T12:19:06 IST" duration-ms="55">
      <class name="com.qa.test.DemoTest">
        <test-method signature="mul()[pri:0, instance:com.qa.test.DemoTest@79da8dc5]" started-at="2021-11-03T12:19:06 IST" name="mul" finished-at="2021-11-03T12:19:06 IST" duration-ms="0" status="PASS">
          <reporter-output>
          </reporter-output>
        </test-method> <!-- mul -->
        <test-method signature="sub()[pri:0, instance:com.qa.test.DemoTest@79da8dc5]" started-at="2021-11-03T12:19:06 IST" name="sub" finished-at="2021-11-03T12:19:06 IST" duration-ms="0" status="PASS">
          <reporter-output>
          </reporter-output>
        </test-method> <!-- sub -->
        <test-method signature="sum()[pri:0, instance:com.qa.test.DemoTest@79da8dc5]" started-at="2021-11-03T12:19:06 IST" name="sum" finished-at="2021-11-03T12:19:06 IST" duration-ms="0" status="PASS">
          <reporter-output>
          </reporter-output>
        </test-method> <!-- sum -->
      </class> <!-- com.qa.test.DemoTest -->
      <class name="com.qa.test.DemoTest2">
        <test-method signature="mul()[pri:0, instance:com.qa.test.DemoTest2@4d910fd6]" started-at="2021-11-03T12:19:06 IST" name="mul" finished-at="2021-11-03T12:19:06 IST" duration-ms="7" status="PASS">
          <reporter-output>
          </reporter-output>
        </test-method> <!-- mul -->
        <test-method signature="sub()[pri:0, instance:com.qa.test.DemoTest2@4d910fd6]" started-at="2021-11-03T12:19:06 IST" name="sub" finished-at="2021-11-03T12:19:06 IST" duration-ms="1" status="PASS">
          <reporter-output>
          </reporter-output>
        </test-method> <!-- sub -->
        <test-method signature="sum()[pri:0, instance:com.qa.test.DemoTest2@4d910fd6]" started-at="2021-11-03T12:19:06 IST" name="sum" finished-at="2021-11-03T12:19:06 IST" duration-ms="0" status="PASS">
          <reporter-output>
          </reporter-output>
        </test-method> <!-- sum -->
      </class> <!-- com.qa.test.DemoTest2 -->
    </test> <!-- Test -->
  </suite> <!-- Suite -->
</testng-results>
