<?xml version="1.0" encoding="UTF-8"?>
<testsuite xmlns:xsi="http://www.w3.org/2001/XMLSchema-instance" xsi:noNamespaceSchemaLocation="https://maven.apache.org/surefire/maven-surefire-plugin/xsd/surefire-test-report-3.0.xsd" version="3.0" name="TestSuite" time="0.628" tests="6" errors="0" skipped="0" failures="0">
  <properties>
[...]
</properties>
  <testcase name="mul" classname="com.qa.test.DemoTest2" time="0.008">
    <system-out><![CDATA[mul Method
]]></system-out>
  </testcase>
  <testcase name="sub" classname="com.qa.test.DemoTest2" time="0">
    <system-out><![CDATA[sub Method
]]></system-out>
  </testcase>
  <testcase name="sum" classname="com.qa.test.DemoTest2" time="0.001">
    <system-out><![CDATA[Sum Method
]]></system-out>
  </testcase>
  <testcase name="mul" classname="com.qa.test.DemoTest" time="0.001">
    <system-out><![CDATA[mul Method
]]></system-out>
  </testcase>
  <testcase name="sub" classname="com.qa.test.DemoTest" time="0.003">
    <system-out><![CDATA[sub Method
]]></system-out>
  </testcase>
  <testcase name="sum" classname="com.qa.test.DemoTest" time="0">
    <system-out><![CDATA[Sum Method
]]></system-out>
  </testcase>
</testsuite>